0 info it worked if it ends with ok
1 verbose cli [ '/usr/bin/nodejs',
1 verbose cli   '/usr/bin/npm',
1 verbose cli   'install',
1 verbose cli   'webrtcdevelpoment' ]
2 info using npm@1.3.10
3 info using node@v0.10.25
4 warn package.json villageexperts_webrtc@0.0.0 No README data
5 verbose readDependencies using package.json deps
6 verbose cache add [ 'webrtcdevelpoment', null ]
7 verbose cache add name=undefined spec="webrtcdevelpoment" args=["webrtcdevelpoment",null]
8 verbose parsed url { protocol: null,
8 verbose parsed url   slashes: null,
8 verbose parsed url   auth: null,
8 verbose parsed url   host: null,
8 verbose parsed url   port: null,
8 verbose parsed url   hostname: null,
8 verbose parsed url   hash: null,
8 verbose parsed url   search: null,
8 verbose parsed url   query: null,
8 verbose parsed url   pathname: 'webrtcdevelpoment',
8 verbose parsed url   path: 'webrtcdevelpoment',
8 verbose parsed url   href: 'webrtcdevelpoment' }
9 silly lockFile 837b32a7-webrtcdevelpoment webrtcdevelpoment
10 verbose lock webrtcdevelpoment /home/ubuntu/.npm/837b32a7-webrtcdevelpoment.lock
11 silly lockFile 837b32a7-webrtcdevelpoment webrtcdevelpoment
12 silly lockFile 837b32a7-webrtcdevelpoment webrtcdevelpoment
13 verbose addNamed [ 'webrtcdevelpoment', '' ]
14 verbose addNamed [ null, '*' ]
15 silly lockFile 2eb44334-webrtcdevelpoment webrtcdevelpoment@
16 verbose lock webrtcdevelpoment@ /home/ubuntu/.npm/2eb44334-webrtcdevelpoment.lock
17 silly addNameRange { name: 'webrtcdevelpoment', range: '*', hasData: false }
18 verbose url raw webrtcdevelpoment
19 verbose url resolving [ 'https://registry.npmjs.org/', './webrtcdevelpoment' ]
20 verbose url resolved https://registry.npmjs.org/webrtcdevelpoment
21 info trying registry request attempt 1 at 07:15:04
22 http GET https://registry.npmjs.org/webrtcdevelpoment
23 http 404 https://registry.npmjs.org/webrtcdevelpoment
24 silly registry.get cb [ 404,
24 silly registry.get   { 'content-type': 'application/json',
24 silly registry.get     'cache-control': 'max-age=0',
24 silly registry.get     'content-length': '2',
24 silly registry.get     'accept-ranges': 'bytes',
24 silly registry.get     date: 'Mon, 30 May 2016 07:14:21 GMT',
24 silly registry.get     via: '1.1 varnish',
24 silly registry.get     age: '0',
24 silly registry.get     connection: 'keep-alive',
24 silly registry.get     'x-served-by': 'cache-sjc3131-SJC',
24 silly registry.get     'x-cache': 'MISS',
24 silly registry.get     'x-cache-hits': '0',
24 silly registry.get     'x-timer': 'S1464592461.792807,VS0,VE91',
24 silly registry.get     vary: 'Accept-Encoding' } ]
25 silly addNameRange number 2 { name: 'webrtcdevelpoment', range: '*', hasData: true }
26 silly addNameRange versions [ undefined, [] ]
27 error TypeError: Cannot read property 'latest' of undefined
27 error     at next (/usr/share/npm/lib/cache.js:687:35)
27 error     at /usr/share/npm/lib/cache.js:675:5
27 error     at saved (/usr/share/npm/node_modules/npm-registry-client/lib/get.js:142:7)
27 error     at /usr/lib/nodejs/graceful-fs/polyfills.js:133:7
27 error     at Object.oncomplete (fs.js:107:15)
28 error If you need help, you may report this log at:
28 error     <http://github.com/isaacs/npm/issues>
28 error or email it to:
28 error     <npm-@googlegroups.com>
29 error System Linux 3.13.0-74-generic
30 error command "/usr/bin/nodejs" "/usr/bin/npm" "install" "webrtcdevelpoment"
31 error cwd /home/ubuntu/villageexperts_webrtc
32 error node -v v0.10.25
33 error npm -v 1.3.10
34 error type non_object_property_load
35 verbose exit [ 1, true ]
